<?xml version="1.0" encoding="UTF-8" ?>
<testsuite tests="8" failures="8" name="SistemaTest" time="0.011" errors="0" skipped="0">
  <properties>
    <property name="java.runtime.name" value="OpenJDK Runtime Environment"/>
    <property name="java.vm.version" value="17.0.7+7"/>
    <property name="sun.boot.library.path" value="/usr/lib/jvm/java-17-openjdk/lib"/>
    <property name="maven.multiModuleProjectDirectory" value="/home/acmota2/repos/ats2023/ats"/>
    <property name="java.vm.vendor" value="Oracle Corporation"/>
    <property name="java.vendor.url" value="https://openjdk.java.net/"/>
    <property name="guice.disable.misplaced.annotation.check" value="true"/>
    <property name="path.separator" value=":"/>
    <property name="java.vm.name" value="OpenJDK 64-Bit Server VM"/>
    <property name="user.country" value="US"/>
    <property name="sun.java.launcher" value="SUN_STANDARD"/>
    <property name="java.vm.specification.name" value="Java Virtual Machine Specification"/>
    <property name="user.dir" value="/home/acmota2/repos/ats2023/ats"/>
    <property name="java.vm.compressedOopsMode" value="Zero based"/>
    <property name="java.runtime.version" value="17.0.7+7"/>
    <property name="os.arch" value="amd64"/>
    <property name="java.io.tmpdir" value="/tmp"/>
    <property name="line.separator" value="
"/>
    <property name="java.vm.specification.vendor" value="Oracle Corporation"/>
    <property name="os.name" value="Linux"/>
    <property name="classworlds.conf" value="/opt/maven/bin/m2.conf"/>
    <property name="sun.jnu.encoding" value="UTF-8"/>
    <property name="java.library.path" value="/usr/java/packages/lib:/usr/lib64:/lib64:/lib:/usr/lib"/>
    <property name="maven.conf" value="/opt/maven/conf"/>
    <property name="jdk.debug" value="release"/>
    <property name="java.class.version" value="61.0"/>
    <property name="java.specification.name" value="Java Platform API Specification"/>
    <property name="sun.management.compiler" value="HotSpot 64-Bit Tiered Compilers"/>
    <property name="os.version" value="6.2.11-arch1-1"/>
    <property name="library.jansi.path" value="/opt/maven/lib/jansi-native"/>
    <property name="user.home" value="/home/acmota2"/>
    <property name="user.timezone" value="Europe/Lisbon"/>
    <property name="file.encoding" value="UTF-8"/>
    <property name="java.specification.version" value="17"/>
    <property name="user.name" value="acmota2"/>
    <property name="java.class.path" value="/opt/maven/boot/plexus-classworlds-2.6.0.jar"/>
    <property name="java.vm.specification.version" value="17"/>
    <property name="sun.arch.data.model" value="64"/>
    <property name="sun.java.command" value="org.codehaus.plexus.classworlds.launcher.Launcher clean org.jacoco:jacoco-maven-plugin:0.8.8:prepare-agent verify org.jacoco:jacoco-maven-plugin:0.8.8:report"/>
    <property name="java.home" value="/usr/lib/jvm/java-17-openjdk"/>
    <property name="user.language" value="en"/>
    <property name="java.specification.vendor" value="Oracle Corporation"/>
    <property name="java.vm.info" value="mixed mode"/>
    <property name="java.version" value="17.0.7"/>
    <property name="native.encoding" value="UTF-8"/>
    <property name="java.vendor" value="N/A"/>
    <property name="sun.stderr.encoding" value="UTF-8"/>
    <property name="maven.home" value="/opt/maven"/>
    <property name="file.separator" value="/"/>
    <property name="java.version.date" value="2023-04-18"/>
    <property name="java.vendor.url.bug" value="https://bugreport.java.com/bugreport/"/>
    <property name="sun.io.unicode.encoding" value="UnicodeLittle"/>
    <property name="sun.cpu.endian" value="little"/>
    <property name="sun.stdout.encoding" value="UTF-8"/>
  </properties>
  <testcase classname="SistemaTest" name="SistemaTest.testGetListaCasas" time="0">
    <failure message="Cannot invoke &quot;org.example.Sistema.Sistema.getListaCasas()&quot; because &quot;this.sistema&quot; is null" type="java.lang.NullPointerException">java.lang.NullPointerException: Cannot invoke &quot;org.example.Sistema.Sistema.getListaCasas()&quot; because &quot;this.sistema&quot; is null
	at SistemaTest.testGetListaCasas(SistemaTest.java:27)
</failure>
  </testcase>
  <testcase classname="SistemaTest" name="SistemaTest.testSetListaCasas" time="0">
    <failure message="Cannot invoke &quot;java.util.HashMap.put(Object, Object)&quot; because &quot;this.listaCasas&quot; is null" type="java.lang.NullPointerException">java.lang.NullPointerException: Cannot invoke &quot;java.util.HashMap.put(Object, Object)&quot; because &quot;this.listaCasas&quot; is null
	at SistemaTest.testSetListaCasas(SistemaTest.java:36)
</failure>
  </testcase>
  <testcase classname="SistemaTest" name="SistemaTest.testGetListaFornecedores" time="0">
    <failure message="Cannot invoke &quot;org.example.Sistema.Sistema.getListaFornecedores()&quot; because &quot;this.sistema&quot; is null" type="java.lang.NullPointerException">java.lang.NullPointerException: Cannot invoke &quot;org.example.Sistema.Sistema.getListaFornecedores()&quot; because &quot;this.sistema&quot; is null
	at SistemaTest.testGetListaFornecedores(SistemaTest.java:47)
</failure>
  </testcase>
  <testcase classname="SistemaTest" name="SistemaTest.testGetTime" time="0">
    <failure message="Cannot invoke &quot;org.example.Sistema.Sistema.getTime()&quot; because &quot;this.sistema&quot; is null" type="java.lang.NullPointerException">java.lang.NullPointerException: Cannot invoke &quot;org.example.Sistema.Sistema.getTime()&quot; because &quot;this.sistema&quot; is null
	at SistemaTest.testGetTime(SistemaTest.java:55)
</failure>
  </testcase>
  <testcase classname="SistemaTest" name="SistemaTest.testSetTime" time="0.007">
    <failure message="Cannot invoke &quot;org.example.Sistema.Sistema.setTime(java.time.LocalDate)&quot; because &quot;this.sistema&quot; is null" type="java.lang.NullPointerException">java.lang.NullPointerException: Cannot invoke &quot;org.example.Sistema.Sistema.setTime(java.time.LocalDate)&quot; because &quot;this.sistema&quot; is null
	at SistemaTest.testSetTime(SistemaTest.java:63)
</failure>
  </testcase>
  <testcase classname="SistemaTest" name="SistemaTest.testGetNrCasasInteligentes" time="0.002">
    <failure message="Cannot invoke &quot;org.example.Sistema.Sistema.getNrCasasInteligentes()&quot; because &quot;this.sistema&quot; is null" type="java.lang.NullPointerException">java.lang.NullPointerException: Cannot invoke &quot;org.example.Sistema.Sistema.getNrCasasInteligentes()&quot; because &quot;this.sistema&quot; is null
	at SistemaTest.testGetNrCasasInteligentes(SistemaTest.java:71)
</failure>
  </testcase>
  <testcase classname="SistemaTest" name="SistemaTest.testGetNrFornecedores" time="0.001">
    <failure message="Cannot invoke &quot;org.example.Sistema.Sistema.getNrFornecedores()&quot; because &quot;this.sistema&quot; is null" type="java.lang.NullPointerException">java.lang.NullPointerException: Cannot invoke &quot;org.example.Sistema.Sistema.getNrFornecedores()&quot; because &quot;this.sistema&quot; is null
	at SistemaTest.testGetNrFornecedores(SistemaTest.java:76)
</failure>
  </testcase>
  <testcase classname="SistemaTest" name="SistemaTest.testAdicionaDivisao" time="0.001">
    <failure message="Cannot invoke &quot;java.util.HashMap.put(Object, Object)&quot; because &quot;this.listaCasas&quot; is null" type="java.lang.NullPointerException">java.lang.NullPointerException: Cannot invoke &quot;java.util.HashMap.put(Object, Object)&quot; because &quot;this.listaCasas&quot; is null
	at SistemaTest.testAdicionaDivisao(SistemaTest.java:83)
</failure>
  </testcase>
</testsuite>